<?xml version="1.0" encoding="UTF-8"?>
<!-- Generated by org.testng.reporters.JUnitXMLReporter -->
<testsuite ignored="0" hostname="LAPTOP-KOMAL" failures="1" tests="1" name="Test" time="16.852" errors="0" timestamp="2022-12-18T20:16:29 ICT">
  <testcase classname="nopComTestClasses.nopComTest1" name="validateFirstname" time="0.144">
    <failure type="java.lang.AssertionError" message="TC failed ,Firstname not matching expected [Komal] but found []">
      <![CDATA[java.lang.AssertionError: TC failed ,Firstname not matching expected [Komal] but found []
at nopComTestClasses.nopComTest1.validateFirstname(nopComTest1.java:61)
at java.base/java.util.ArrayList.forEach(ArrayList.java:1511)
... Removed 36 stack frames]]>
    </failure>
  </testcase> <!-- validateFirstname -->
</testsuite> <!-- Test -->
