<?xml version="1.0" encoding="UTF-8"?>
<testng-results ignored="0" total="1" passed="0" failed="1" skipped="0">
  <reporter-output>
    <line>
      <![CDATA[Validating firstname]]>
    </line>
  </reporter-output>
  <suite started-at="2022-12-16T14:05:45 ICT" name="Default suite" finished-at="2022-12-16T14:05:57 ICT" duration-ms="11657">
    <groups>
    </groups>
    <test started-at="2022-12-16T14:05:45 ICT" name="Default test" finished-at="2022-12-16T14:05:57 ICT" duration-ms="11657">
      <class name="nopComTestClasses.nopComTest1">
        <test-method is-config="true" signature="launchapp()[pri:0, instance:nopComTestClasses.nopComTest1@49139829]" started-at="2022-12-16T14:05:45 ICT" name="launchapp" finished-at="2022-12-16T14:05:51 ICT" duration-ms="6272" status="PASS">
          <reporter-output>
          </reporter-output>
        </test-method> <!-- launchapp -->
        <test-method is-config="true" signature="loginpage()[pri:0, instance:nopComTestClasses.nopComTest1@49139829]" started-at="2022-12-16T14:05:51 ICT" name="loginpage" finished-at="2022-12-16T14:05:55 ICT" duration-ms="3493" status="PASS">
          <reporter-output>
          </reporter-output>
        </test-method> <!-- loginpage -->
        <test-method signature="validateFirstname()[pri:0, instance:nopComTestClasses.nopComTest1@49139829]" started-at="2022-12-16T14:05:55 ICT" name="validateFirstname" finished-at="2022-12-16T14:05:55 ICT" duration-ms="239" status="FAIL">
          <exception class="java.lang.AssertionError">
            <message>
              <![CDATA[TC failed ,Firstname not matching expected [Komal] but found []]]>
            </message>
            <full-stacktrace>
              <![CDATA[java.lang.AssertionError: TC failed ,Firstname not matching expected [Komal] but found []
at org.testng.Assert.fail(Assert.java:110)
at org.testng.Assert.failNotEquals(Assert.java:1413)
at org.testng.Assert.assertEqualsImpl(Assert.java:149)
at org.testng.Assert.assertEquals(Assert.java:131)
at org.testng.Assert.assertEquals(Assert.java:655)
at nopComTestClasses.nopComTest1.validateFirstname(nopComTest1.java:61)
at java.base/jdk.internal.reflect.DirectMethodHandleAccessor.invoke(DirectMethodHandleAccessor.java:104)
at java.base/java.lang.reflect.Method.invoke(Method.java:577)
at org.testng.internal.invokers.MethodInvocationHelper.invokeMethod(MethodInvocationHelper.java:139)
at org.testng.internal.invokers.TestInvoker.invokeMethod(TestInvoker.java:677)
at org.testng.internal.invokers.TestInvoker.invokeTestMethod(TestInvoker.java:221)
at org.testng.internal.invokers.MethodRunner.runInSequence(MethodRunner.java:50)
at org.testng.internal.invokers.TestInvoker$MethodInvocationAgent.invoke(TestInvoker.java:969)
at org.testng.internal.invokers.TestInvoker.invokeTestMethods(TestInvoker.java:194)
at org.testng.internal.invokers.TestMethodWorker.invokeTestMethods(TestMethodWorker.java:148)
at org.testng.internal.invokers.TestMethodWorker.run(TestMethodWorker.java:128)
at java.base/java.util.ArrayList.forEach(ArrayList.java:1511)
at org.testng.TestRunner.privateRun(TestRunner.java:829)
at org.testng.TestRunner.run(TestRunner.java:602)
at org.testng.SuiteRunner.runTest(SuiteRunner.java:437)
at org.testng.SuiteRunner.runSequentially(SuiteRunner.java:431)
at org.testng.SuiteRunner.privateRun(SuiteRunner.java:391)
at org.testng.SuiteRunner.run(SuiteRunner.java:330)
at org.testng.SuiteRunnerWorker.runSuite(SuiteRunnerWorker.java:52)
at org.testng.SuiteRunnerWorker.run(SuiteRunnerWorker.java:95)
at org.testng.TestNG.runSuitesSequentially(TestNG.java:1256)
at org.testng.TestNG.runSuitesLocally(TestNG.java:1176)
at org.testng.TestNG.runSuites(TestNG.java:1099)
at org.testng.TestNG.run(TestNG.java:1067)
at org.testng.remote.AbstractRemoteTestNG.run(AbstractRemoteTestNG.java:115)
at org.testng.remote.RemoteTestNG.initAndRun(RemoteTestNG.java:251)
at org.testng.remote.RemoteTestNG.main(RemoteTestNG.java:77)
]]>
            </full-stacktrace>
          </exception> <!-- java.lang.AssertionError -->
          <reporter-output>
            <line>
              <![CDATA[Validating firstname]]>
            </line>
          </reporter-output>
        </test-method> <!-- validateFirstname -->
        <test-method is-config="true" signature="closingApp()[pri:0, instance:nopComTestClasses.nopComTest1@49139829]" started-at="2022-12-16T14:05:55 ICT" name="closingApp" finished-at="2022-12-16T14:05:56 ICT" duration-ms="944" status="PASS">
          <reporter-output>
          </reporter-output>
        </test-method> <!-- closingApp -->
        <test-method is-config="true" signature="closingBrowser()[pri:0, instance:nopComTestClasses.nopComTest1@49139829]" started-at="2022-12-16T14:05:56 ICT" name="closingBrowser" finished-at="2022-12-16T14:05:57 ICT" duration-ms="604" status="PASS">
          <reporter-output>
          </reporter-output>
        </test-method> <!-- closingBrowser -->
      </class> <!-- nopComTestClasses.nopComTest1 -->
    </test> <!-- Default test -->
  </suite> <!-- Default suite -->
</testng-results>
